HDWallpaperApp/build/outputs/logs/manifest-merger-release-report.txt
-- Merging decision tree log ---
manifest
ADDED from HDWallpaperMaterial/HDWallpaperApp/AndroidManifest.xml:2:1-61:12
	package
		ADDED from HDWallpaperMaterial/HDWallpaperApp/AndroidManifest.xml:3:5-58
	android:versionName
		ADDED from HDWallpaperMaterial/HDWallpaperApp/AndroidManifest.xml:5:5-30
		INJECTED from HDWallpaperMaterial/HDWallpaperApp/AndroidManifest.xml
		INJECTED from HDWallpaperMaterial/HDWallpaperApp/AndroidManifest.xml
	android:versionCode
		ADDED from HDWallpaperMaterial/HDWallpaperApp/AndroidManifest.xml:4:5-28
		INJECTED from HDWallpaperMaterial/HDWallpaperApp/AndroidManifest.xml
		INJECTED from HDWallpaperMaterial/HDWallpaperApp/AndroidManifest.xml
	xmlns:android
		ADDED from HDWallpaperMaterial/HDWallpaperApp/AndroidManifest.xml:2:11-69
	android:installLocation
		ADDED from HDWallpaperMaterial/HDWallpaperApp/AndroidManifest.xml:3:59-89
uses-sdk
ADDED from HDWallpaperMaterial/HDWallpaperApp/AndroidManifest.xml:7:5-9:41
MERGED from [HDWallpaperMaterial:google-play-services_lib:unspecified] AndroidManifest.xml:7:5-44
MERGED from [com.android.support:support-v4:25.2.0] AndroidManifest.xml:21:5-23:54
MERGED from [com.android.support:support-fragment:25.2.0] AndroidManifest.xml:21:5-23:60
MERGED from [com.android.support:support-media-compat:25.2.0] AndroidManifest.xml:21:5-23:63
MERGED from [com.android.support:support-core-ui:25.2.0] AndroidManifest.xml:21:5-23:58
MERGED from [com.android.support:support-core-utils:25.2.0] AndroidManifest.xml:21:5-23:61
MERGED from [com.android.support:support-compat:25.2.0] AndroidManifest.xml:21:5-23:58
	tools:overrideLibrary
		ADDED from [com.android.support:support-v4:25.2.0] AndroidManifest.xml:23:9-51
	android:targetSdkVersion
		ADDED from HDWallpaperMaterial/HDWallpaperApp/AndroidManifest.xml:9:9-38
	android:minSdkVersion
		ADDED from HDWallpaperMaterial/HDWallpaperApp/AndroidManifest.xml:8:9-35
uses-permission#android.permission.INTERNET
ADDED from HDWallpaperMaterial/HDWallpaperApp/AndroidManifest.xml:11:5-67
	android:name
		ADDED from HDWallpaperMaterial/HDWallpaperApp/AndroidManifest.xml:11:22-64
uses-permission#android.permission.ACCESS_NETWORK_STATE
ADDED from HDWallpaperMaterial/HDWallpaperApp/AndroidManifest.xml:12:5-79
	android:name
		ADDED from HDWallpaperMaterial/HDWallpaperApp/AndroidManifest.xml:12:22-76
uses-permission#android.permission.WRITE_EXTERNAL_STORAGE
ADDED from HDWallpaperMaterial/HDWallpaperApp/AndroidManifest.xml:13:5-81
	android:name
		ADDED from HDWallpaperMaterial/HDWallpaperApp/AndroidManifest.xml:13:22-78
uses-permission#android.permission.READ_EXTERNAL_STORAGE
ADDED from HDWallpaperMaterial/HDWallpaperApp/AndroidManifest.xml:14:5-80
	android:name
		ADDED from HDWallpaperMaterial/HDWallpaperApp/AndroidManifest.xml:14:22-77
uses-permission#android.permission.SET_WALLPAPER_HINTS
ADDED from HDWallpaperMaterial/HDWallpaperApp/AndroidManifest.xml:15:5-77
	android:name
		ADDED from HDWallpaperMaterial/HDWallpaperApp/AndroidManifest.xml:15:22-75
uses-permission#android.permission.SET_WALLPAPER
ADDED from HDWallpaperMaterial/HDWallpaperApp/AndroidManifest.xml:16:5-72
	android:name
		ADDED from HDWallpaperMaterial/HDWallpaperApp/AndroidManifest.xml:16:22-69
uses-permission#com.google.android.providers.gsf.permission.READ_GSERVICES
ADDED from HDWallpaperMaterial/HDWallpaperApp/AndroidManifest.xml:17:5-98
	android:name
		ADDED from HDWallpaperMaterial/HDWallpaperApp/AndroidManifest.xml:17:22-95
uses-feature#0x00020000
ADDED from HDWallpaperMaterial/HDWallpaperApp/AndroidManifest.xml:19:5-21:35
	android:glEsVersion
		ADDED from HDWallpaperMaterial/HDWallpaperApp/AndroidManifest.xml:20:9-41
	android:required
		ADDED from HDWallpaperMaterial/HDWallpaperApp/AndroidManifest.xml:21:9-32
application
ADDED from HDWallpaperMaterial/HDWallpaperApp/AndroidManifest.xml:23:5-59:23
MERGED from [com.android.support:support-v4:25.2.0] AndroidManifest.xml:25:5-20
MERGED from [com.android.support:support-fragment:25.2.0] AndroidManifest.xml:25:5-20
MERGED from [com.android.support:support-media-compat:25.2.0] AndroidManifest.xml:25:5-20
MERGED from [com.android.support:support-core-ui:25.2.0] AndroidManifest.xml:25:5-20
MERGED from [com.android.support:support-core-utils:25.2.0] AndroidManifest.xml:25:5-20
MERGED from [com.android.support:support-compat:25.2.0] AndroidManifest.xml:25:5-20
	android:label
		ADDED from HDWallpaperMaterial/HDWallpaperApp/AndroidManifest.xml:26:9-41
	android:allowBackup
		ADDED from HDWallpaperMaterial/HDWallpaperApp/AndroidManifest.xml:24:9-35
	android:icon
		ADDED from HDWallpaperMaterial/HDWallpaperApp/AndroidManifest.xml:25:9-45
	android:theme
		ADDED from HDWallpaperMaterial/HDWallpaperApp/AndroidManifest.xml:27:9-52
meta-data#com.google.android.gms.version
ADDED from HDWallpaperMaterial/HDWallpaperApp/AndroidManifest.xml:28:9-30:69
	android:value
		ADDED from HDWallpaperMaterial/HDWallpaperApp/AndroidManifest.xml:30:13-66
	android:name
		ADDED from HDWallpaperMaterial/HDWallpaperApp/AndroidManifest.xml:29:13-58
meta-data#com.google.android.maps.v2.API_KEY
ADDED from HDWallpaperMaterial/HDWallpaperApp/AndroidManifest.xml:31:9-33:71
	android:value
		ADDED from HDWallpaperMaterial/HDWallpaperApp/AndroidManifest.xml:33:13-68
	android:name
		ADDED from HDWallpaperMaterial/HDWallpaperApp/AndroidManifest.xml:32:13-62
activity#com.nemostation.android.fullnarutowallpaper.MainActivity
ADDED from HDWallpaperMaterial/HDWallpaperApp/AndroidManifest.xml:34:9-43:20
	android:label
		ADDED from HDWallpaperMaterial/HDWallpaperApp/AndroidManifest.xml:37:13-45
	android:configChanges
		ADDED from HDWallpaperMaterial/HDWallpaperApp/AndroidManifest.xml:36:13-186
	android:name
		ADDED from HDWallpaperMaterial/HDWallpaperApp/AndroidManifest.xml:35:13-84
intent-filter#android.intent.action.MAIN+android.intent.category.LAUNCHER
ADDED from HDWallpaperMaterial/HDWallpaperApp/AndroidManifest.xml:38:13-42:29
action#android.intent.action.MAIN
ADDED from HDWallpaperMaterial/HDWallpaperApp/AndroidManifest.xml:39:17-69
	android:name
		ADDED from HDWallpaperMaterial/HDWallpaperApp/AndroidManifest.xml:39:25-66
category#android.intent.category.LAUNCHER
ADDED from HDWallpaperMaterial/HDWallpaperApp/AndroidManifest.xml:41:17-77
	android:name
		ADDED from HDWallpaperMaterial/HDWallpaperApp/AndroidManifest.xml:41:27-74
activity#com.nemostation.android.fullnarutowallpaper.FullScreenGalleryActivity
ADDED from HDWallpaperMaterial/HDWallpaperApp/AndroidManifest.xml:44:9-47:20
	android:configChanges
		ADDED from HDWallpaperMaterial/HDWallpaperApp/AndroidManifest.xml:46:13-186
	android:name
		ADDED from HDWallpaperMaterial/HDWallpaperApp/AndroidManifest.xml:45:13-97
activity#com.nemostation.android.fullnarutowallpaper.SetAsWallpaperActivity
ADDED from HDWallpaperMaterial/HDWallpaperApp/AndroidManifest.xml:48:9-51:20
	android:configChanges
		ADDED from HDWallpaperMaterial/HDWallpaperApp/AndroidManifest.xml:50:13-186
	android:name
		ADDED from HDWallpaperMaterial/HDWallpaperApp/AndroidManifest.xml:49:13-94
activity#com.nemostation.android.fullnarutowallpaper.AboutUsActivity
ADDED from HDWallpaperMaterial/HDWallpaperApp/AndroidManifest.xml:52:9-55:20
	android:configChanges
		ADDED from HDWallpaperMaterial/HDWallpaperApp/AndroidManifest.xml:54:13-186
	android:name
		ADDED from HDWallpaperMaterial/HDWallpaperApp/AndroidManifest.xml:53:13-87
activity#com.google.android.gms.ads.AdActivity
ADDED from HDWallpaperMaterial/HDWallpaperApp/AndroidManifest.xml:56:9-58:125
	android:configChanges
		ADDED from HDWallpaperMaterial/HDWallpaperApp/AndroidManifest.xml:58:13-122
	android:name
		ADDED from HDWallpaperMaterial/HDWallpaperApp/AndroidManifest.xml:57:13-65